android/app/build/outputs/logs/manifest-merger-debug-report.txt
-- Merging decision tree log ---
manifest
ADDED from src\main\AndroidManifest.xml:1:1-31:12
	package
		ADDED from src\main\AndroidManifest.xml:2:5-31
		INJECTED from src\main\AndroidManifest.xml
		INJECTED from src\main\AndroidManifest.xml
	android:versionName
		ADDED from src\main\AndroidManifest.xml:4:5-30
		INJECTED from src\main\AndroidManifest.xml
		INJECTED from src\main\AndroidManifest.xml
	android:versionCode
		ADDED from src\main\AndroidManifest.xml:3:5-28
		INJECTED from src\main\AndroidManifest.xml
		INJECTED from src\main\AndroidManifest.xml
	xmlns:android
		ADDED from src\main\AndroidManifest.xml:1:11-69
uses-permission#android.permission.INTERNET
ADDED from src\main\AndroidManifest.xml:6:5-67
MERGED from [cherishZhihu:react-native-maps:unspecified] AndroidManifest.xml:11:5-67
MERGED from [com.google.android.gms:play-services-maps:8.4.0] AndroidManifest.xml:21:5-66
MERGED from [cherishZhihu:react-native-jpush:unspecified] AndroidManifest.xml:18:5-67
	android:name
		ADDED from src\main\AndroidManifest.xml:6:22-64
uses-permission#android.permission.SYSTEM_ALERT_WINDOW
ADDED from src\main\AndroidManifest.xml:7:5-77
MERGED from [com.facebook.react:react-native:0.27.2] AndroidManifest.xml:11:5-78
MERGED from [com.facebook.react:react-native:0.27.2] AndroidManifest.xml:11:5-78
MERGED from [com.facebook.react:react-native:0.27.2] AndroidManifest.xml:11:5-78
MERGED from [com.facebook.react:react-native:0.27.2] AndroidManifest.xml:11:5-78
	android:name
		ADDED from src\main\AndroidManifest.xml:7:22-75
uses-permission#android.permission.ACCESS_FINE_LOCATION
ADDED from src\main\AndroidManifest.xml:8:5-78
MERGED from [cherishZhihu:react-native-jpush:unspecified] AndroidManifest.xml:32:5-79
	android:name
		ADDED from src\main\AndroidManifest.xml:8:22-76
uses-sdk
ADDED from src\main\AndroidManifest.xml:10:5-12:41
MERGED from [cherishZhihu:react-native-maps:unspecified] AndroidManifest.xml:7:5-9:41
MERGED from [com.facebook.react:react-native:0.27.2] AndroidManifest.xml:7:5-9:41
MERGED from [com.facebook.fresco:fresco:0.10.0] AndroidManifest.xml:5:5-7:41
MERGED from [com.facebook.fresco:drawee:0.10.0] AndroidManifest.xml:5:5-7:41
MERGED from [com.android.support:support-v4:23.1.1] AndroidManifest.xml:20:5-43
MERGED from [com.facebook.fresco:fbcore:0.10.0] AndroidManifest.xml:5:5-7:41
MERGED from [com.facebook.fresco:fbcore:0.10.0] AndroidManifest.xml:5:5-7:41
MERGED from [com.facebook.fresco:imagepipeline:0.10.0] AndroidManifest.xml:5:5-7:41
MERGED from [com.android.support:support-v4:23.1.1] AndroidManifest.xml:20:5-43
MERGED from [com.facebook.fresco:fbcore:0.10.0] AndroidManifest.xml:5:5-7:41
MERGED from [com.facebook.fresco:imagepipeline-base:0.10.0] AndroidManifest.xml:5:5-7:41
MERGED from [com.android.support:support-v4:23.1.1] AndroidManifest.xml:20:5-43
MERGED from [com.facebook.fresco:fbcore:0.10.0] AndroidManifest.xml:5:5-7:41
MERGED from [com.facebook.fresco:imagepipeline-okhttp3:0.10.0] AndroidManifest.xml:5:5-7:41
MERGED from [com.facebook.fresco:fbcore:0.10.0] AndroidManifest.xml:5:5-7:41
MERGED from [com.facebook.fresco:imagepipeline:0.10.0] AndroidManifest.xml:5:5-7:41
MERGED from [com.android.support:support-v4:23.1.1] AndroidManifest.xml:20:5-43
MERGED from [com.facebook.fresco:fbcore:0.10.0] AndroidManifest.xml:5:5-7:41
MERGED from [com.facebook.fresco:imagepipeline-base:0.10.0] AndroidManifest.xml:5:5-7:41
MERGED from [com.android.support:support-v4:23.1.1] AndroidManifest.xml:20:5-43
MERGED from [com.facebook.fresco:fbcore:0.10.0] AndroidManifest.xml:5:5-7:41
MERGED from [com.android.support:recyclerview-v7:23.0.1] AndroidManifest.xml:20:5-43
MERGED from [com.android.support:support-v4:23.1.1] AndroidManifest.xml:20:5-43
MERGED from [com.android.support:appcompat-v7:23.0.1] AndroidManifest.xml:20:5-43
MERGED from [com.android.support:support-v4:23.1.1] AndroidManifest.xml:20:5-43
MERGED from [com.google.android.gms:play-services-base:8.4.0] AndroidManifest.xml:18:5-42
MERGED from [com.google.android.gms:play-services-basement:8.4.0] AndroidManifest.xml:18:5-42
MERGED from [com.android.support:support-v4:23.1.1] AndroidManifest.xml:20:5-43
MERGED from [com.google.android.gms:play-services-maps:8.4.0] AndroidManifest.xml:26:5-42
MERGED from [com.google.android.gms:play-services-base:8.4.0] AndroidManifest.xml:18:5-42
MERGED from [com.google.android.gms:play-services-basement:8.4.0] AndroidManifest.xml:18:5-42
MERGED from [com.android.support:support-v4:23.1.1] AndroidManifest.xml:20:5-43
MERGED from [cherishZhihu:react-native-vector-icons:unspecified] AndroidManifest.xml:7:5-9:41
MERGED from [com.facebook.react:react-native:0.27.2] AndroidManifest.xml:7:5-9:41
MERGED from [com.facebook.fresco:fresco:0.10.0] AndroidManifest.xml:5:5-7:41
MERGED from [com.facebook.fresco:drawee:0.10.0] AndroidManifest.xml:5:5-7:41
MERGED from [com.android.support:support-v4:23.1.1] AndroidManifest.xml:20:5-43
MERGED from [com.facebook.fresco:fbcore:0.10.0] AndroidManifest.xml:5:5-7:41
MERGED from [com.facebook.fresco:fbcore:0.10.0] AndroidManifest.xml:5:5-7:41
MERGED from [com.facebook.fresco:imagepipeline:0.10.0] AndroidManifest.xml:5:5-7:41
MERGED from [com.android.support:support-v4:23.1.1] AndroidManifest.xml:20:5-43
MERGED from [com.facebook.fresco:fbcore:0.10.0] AndroidManifest.xml:5:5-7:41
MERGED from [com.facebook.fresco:imagepipeline-base:0.10.0] AndroidManifest.xml:5:5-7:41
MERGED from [com.android.support:support-v4:23.1.1] AndroidManifest.xml:20:5-43
MERGED from [com.facebook.fresco:fbcore:0.10.0] AndroidManifest.xml:5:5-7:41
MERGED from [com.facebook.fresco:imagepipeline-okhttp3:0.10.0] AndroidManifest.xml:5:5-7:41
MERGED from [com.facebook.fresco:fbcore:0.10.0] AndroidManifest.xml:5:5-7:41
MERGED from [com.facebook.fresco:imagepipeline:0.10.0] AndroidManifest.xml:5:5-7:41
MERGED from [com.android.support:support-v4:23.1.1] AndroidManifest.xml:20:5-43
MERGED from [com.facebook.fresco:fbcore:0.10.0] AndroidManifest.xml:5:5-7:41
MERGED from [com.facebook.fresco:imagepipeline-base:0.10.0] AndroidManifest.xml:5:5-7:41
MERGED from [com.android.support:support-v4:23.1.1] AndroidManifest.xml:20:5-43
MERGED from [com.facebook.fresco:fbcore:0.10.0] AndroidManifest.xml:5:5-7:41
MERGED from [com.android.support:recyclerview-v7:23.0.1] AndroidManifest.xml:20:5-43
MERGED from [com.android.support:support-v4:23.1.1] AndroidManifest.xml:20:5-43
MERGED from [com.android.support:appcompat-v7:23.0.1] AndroidManifest.xml:20:5-43
MERGED from [com.android.support:support-v4:23.1.1] AndroidManifest.xml:20:5-43
MERGED from [cherishZhihu:react-native-jpush:unspecified] AndroidManifest.xml:7:5-9:41
MERGED from [com.facebook.react:react-native:0.27.2] AndroidManifest.xml:7:5-9:41
MERGED from [com.facebook.fresco:fresco:0.10.0] AndroidManifest.xml:5:5-7:41
MERGED from [com.facebook.fresco:drawee:0.10.0] AndroidManifest.xml:5:5-7:41
MERGED from [com.android.support:support-v4:23.1.1] AndroidManifest.xml:20:5-43
MERGED from [com.facebook.fresco:fbcore:0.10.0] AndroidManifest.xml:5:5-7:41
MERGED from [com.facebook.fresco:fbcore:0.10.0] AndroidManifest.xml:5:5-7:41
MERGED from [com.facebook.fresco:imagepipeline:0.10.0] AndroidManifest.xml:5:5-7:41
MERGED from [com.android.support:support-v4:23.1.1] AndroidManifest.xml:20:5-43
MERGED from [com.facebook.fresco:fbcore:0.10.0] AndroidManifest.xml:5:5-7:41
MERGED from [com.facebook.fresco:imagepipeline-base:0.10.0] AndroidManifest.xml:5:5-7:41
MERGED from [com.android.support:support-v4:23.1.1] AndroidManifest.xml:20:5-43
MERGED from [com.facebook.fresco:fbcore:0.10.0] AndroidManifest.xml:5:5-7:41
MERGED from [com.facebook.fresco:imagepipeline-okhttp3:0.10.0] AndroidManifest.xml:5:5-7:41
MERGED from [com.facebook.fresco:fbcore:0.10.0] AndroidManifest.xml:5:5-7:41
MERGED from [com.facebook.fresco:imagepipeline:0.10.0] AndroidManifest.xml:5:5-7:41
MERGED from [com.android.support:support-v4:23.1.1] AndroidManifest.xml:20:5-43
MERGED from [com.facebook.fresco:fbcore:0.10.0] AndroidManifest.xml:5:5-7:41
MERGED from [com.facebook.fresco:imagepipeline-base:0.10.0] AndroidManifest.xml:5:5-7:41
MERGED from [com.android.support:support-v4:23.1.1] AndroidManifest.xml:20:5-43
MERGED from [com.facebook.fresco:fbcore:0.10.0] AndroidManifest.xml:5:5-7:41
MERGED from [com.android.support:recyclerview-v7:23.0.1] AndroidManifest.xml:20:5-43
MERGED from [com.android.support:support-v4:23.1.1] AndroidManifest.xml:20:5-43
MERGED from [com.android.support:appcompat-v7:23.0.1] AndroidManifest.xml:20:5-43
MERGED from [com.android.support:support-v4:23.1.1] AndroidManifest.xml:20:5-43
MERGED from [com.android.support:appcompat-v7:23.0.1] AndroidManifest.xml:20:5-43
MERGED from [com.android.support:support-v4:23.1.1] AndroidManifest.xml:20:5-43
MERGED from [com.facebook.react:react-native:0.27.2] AndroidManifest.xml:7:5-9:41
MERGED from [com.facebook.fresco:fresco:0.10.0] AndroidManifest.xml:5:5-7:41
MERGED from [com.facebook.fresco:drawee:0.10.0] AndroidManifest.xml:5:5-7:41
MERGED from [com.android.support:support-v4:23.1.1] AndroidManifest.xml:20:5-43
MERGED from [com.facebook.fresco:fbcore:0.10.0] AndroidManifest.xml:5:5-7:41
MERGED from [com.facebook.fresco:fbcore:0.10.0] AndroidManifest.xml:5:5-7:41
MERGED from [com.facebook.fresco:imagepipeline:0.10.0] AndroidManifest.xml:5:5-7:41
MERGED from [com.android.support:support-v4:23.1.1] AndroidManifest.xml:20:5-43
MERGED from [com.facebook.fresco:fbcore:0.10.0] AndroidManifest.xml:5:5-7:41
MERGED from [com.facebook.fresco:imagepipeline-base:0.10.0] AndroidManifest.xml:5:5-7:41
MERGED from [com.android.support:support-v4:23.1.1] AndroidManifest.xml:20:5-43
MERGED from [com.facebook.fresco:fbcore:0.10.0] AndroidManifest.xml:5:5-7:41
MERGED from [com.facebook.fresco:imagepipeline-okhttp3:0.10.0] AndroidManifest.xml:5:5-7:41
MERGED from [com.facebook.fresco:fbcore:0.10.0] AndroidManifest.xml:5:5-7:41
MERGED from [com.facebook.fresco:imagepipeline:0.10.0] AndroidManifest.xml:5:5-7:41
MERGED from [com.android.support:support-v4:23.1.1] AndroidManifest.xml:20:5-43
MERGED from [com.facebook.fresco:fbcore:0.10.0] AndroidManifest.xml:5:5-7:41
MERGED from [com.facebook.fresco:imagepipeline-base:0.10.0] AndroidManifest.xml:5:5-7:41
MERGED from [com.android.support:support-v4:23.1.1] AndroidManifest.xml:20:5-43
MERGED from [com.facebook.fresco:fbcore:0.10.0] AndroidManifest.xml:5:5-7:41
MERGED from [com.android.support:recyclerview-v7:23.0.1] AndroidManifest.xml:20:5-43
MERGED from [com.android.support:support-v4:23.1.1] AndroidManifest.xml:20:5-43
MERGED from [com.android.support:appcompat-v7:23.0.1] AndroidManifest.xml:20:5-43
MERGED from [com.android.support:support-v4:23.1.1] AndroidManifest.xml:20:5-43
	android:targetSdkVersion
		ADDED from src\main\AndroidManifest.xml:12:9-38
		INJECTED from src\main\AndroidManifest.xml
		INJECTED from src\main\AndroidManifest.xml
	android:minSdkVersion
		ADDED from src\main\AndroidManifest.xml:11:9-35
		INJECTED from src\main\AndroidManifest.xml
		INJECTED from src\main\AndroidManifest.xml
application
ADDED from src\main\AndroidManifest.xml:14:5-29:19
MERGED from [com.facebook.react:react-native:0.27.2] AndroidManifest.xml:13:5-20
MERGED from [org.webkit:android-jsc:r174650] AndroidManifest.xml:2:3-17
MERGED from [com.android.support:support-v4:23.1.1] AndroidManifest.xml:22:5-20
MERGED from [com.android.support:support-v4:23.1.1] AndroidManifest.xml:22:5-20
MERGED from [com.android.support:support-v4:23.1.1] AndroidManifest.xml:22:5-20
MERGED from [com.android.support:support-v4:23.1.1] AndroidManifest.xml:22:5-20
MERGED from [com.android.support:support-v4:23.1.1] AndroidManifest.xml:22:5-20
MERGED from [com.android.support:support-v4:23.1.1] AndroidManifest.xml:22:5-20
MERGED from [com.android.support:appcompat-v7:23.0.1] AndroidManifest.xml:22:5-20
MERGED from [com.android.support:support-v4:23.1.1] AndroidManifest.xml:22:5-20
MERGED from [com.google.android.gms:play-services-basement:8.4.0] AndroidManifest.xml:20:5-24:19
MERGED from [com.android.support:support-v4:23.1.1] AndroidManifest.xml:22:5-20
MERGED from [com.google.android.gms:play-services-maps:8.4.0] AndroidManifest.xml:27:5-20
MERGED from [com.google.android.gms:play-services-basement:8.4.0] AndroidManifest.xml:20:5-24:19
MERGED from [com.android.support:support-v4:23.1.1] AndroidManifest.xml:22:5-20
MERGED from [com.facebook.react:react-native:0.27.2] AndroidManifest.xml:13:5-20
MERGED from [org.webkit:android-jsc:r174650] AndroidManifest.xml:2:3-17
MERGED from [com.android.support:support-v4:23.1.1] AndroidManifest.xml:22:5-20
MERGED from [com.android.support:support-v4:23.1.1] AndroidManifest.xml:22:5-20
MERGED from [com.android.support:support-v4:23.1.1] AndroidManifest.xml:22:5-20
MERGED from [com.android.support:support-v4:23.1.1] AndroidManifest.xml:22:5-20
MERGED from [com.android.support:support-v4:23.1.1] AndroidManifest.xml:22:5-20
MERGED from [com.android.support:support-v4:23.1.1] AndroidManifest.xml:22:5-20
MERGED from [com.android.support:appcompat-v7:23.0.1] AndroidManifest.xml:22:5-20
MERGED from [com.android.support:support-v4:23.1.1] AndroidManifest.xml:22:5-20
MERGED from [cherishZhihu:react-native-jpush:unspecified] AndroidManifest.xml:36:5-140:19
MERGED from [com.facebook.react:react-native:0.27.2] AndroidManifest.xml:13:5-20
MERGED from [org.webkit:android-jsc:r174650] AndroidManifest.xml:2:3-17
MERGED from [com.android.support:support-v4:23.1.1] AndroidManifest.xml:22:5-20
MERGED from [com.android.support:support-v4:23.1.1] AndroidManifest.xml:22:5-20
MERGED from [com.android.support:support-v4:23.1.1] AndroidManifest.xml:22:5-20
MERGED from [com.android.support:support-v4:23.1.1] AndroidManifest.xml:22:5-20
MERGED from [com.android.support:support-v4:23.1.1] AndroidManifest.xml:22:5-20
MERGED from [com.android.support:support-v4:23.1.1] AndroidManifest.xml:22:5-20
MERGED from [com.android.support:appcompat-v7:23.0.1] AndroidManifest.xml:22:5-20
MERGED from [com.android.support:support-v4:23.1.1] AndroidManifest.xml:22:5-20
MERGED from [com.android.support:appcompat-v7:23.0.1] AndroidManifest.xml:22:5-20
MERGED from [com.android.support:support-v4:23.1.1] AndroidManifest.xml:22:5-20
MERGED from [com.facebook.react:react-native:0.27.2] AndroidManifest.xml:13:5-20
MERGED from [org.webkit:android-jsc:r174650] AndroidManifest.xml:2:3-17
MERGED from [com.android.support:support-v4:23.1.1] AndroidManifest.xml:22:5-20
MERGED from [com.android.support:support-v4:23.1.1] AndroidManifest.xml:22:5-20
MERGED from [com.android.support:support-v4:23.1.1] AndroidManifest.xml:22:5-20
MERGED from [com.android.support:support-v4:23.1.1] AndroidManifest.xml:22:5-20
MERGED from [com.android.support:support-v4:23.1.1] AndroidManifest.xml:22:5-20
MERGED from [com.android.support:support-v4:23.1.1] AndroidManifest.xml:22:5-20
MERGED from [com.android.support:appcompat-v7:23.0.1] AndroidManifest.xml:22:5-20
MERGED from [com.android.support:support-v4:23.1.1] AndroidManifest.xml:22:5-20
	android:label
		ADDED from src\main\AndroidManifest.xml:16:7-39
	android:allowBackup
		ADDED from src\main\AndroidManifest.xml:15:7-33
	android:icon
		ADDED from src\main\AndroidManifest.xml:17:7-41
	android:theme
		ADDED from src\main\AndroidManifest.xml:18:7-38
activity#com.cherishzhihu.MainActivity
ADDED from src\main\AndroidManifest.xml:19:7-27:18
	android:label
		ADDED from src\main\AndroidManifest.xml:21:9-41
	android:configChanges
		ADDED from src\main\AndroidManifest.xml:22:9-79
	android:name
		ADDED from src\main\AndroidManifest.xml:20:9-37
intent-filter#android.intent.action.MAIN+android.intent.category.LAUNCHER
ADDED from src\main\AndroidManifest.xml:23:9-26:25
action#android.intent.action.MAIN
ADDED from src\main\AndroidManifest.xml:24:13-65
	android:name
		ADDED from src\main\AndroidManifest.xml:24:21-62
category#android.intent.category.LAUNCHER
ADDED from src\main\AndroidManifest.xml:25:13-73
	android:name
		ADDED from src\main\AndroidManifest.xml:25:23-70
activity#com.facebook.react.devsupport.DevSettingsActivity
ADDED from src\main\AndroidManifest.xml:28:7-84
	android:name
		ADDED from src\main\AndroidManifest.xml:28:17-81
android:uses-permission#android.permission.WRITE_EXTERNAL_STORAGE
IMPLIED from src\main\AndroidManifest.xml:1:1-31:12 reason: org.webkit.android_jsc has a targetSdkVersion < 4
MERGED from [cherishZhihu:react-native-jpush:unspecified] AndroidManifest.xml:21:5-81
android:uses-permission#android.permission.READ_PHONE_STATE
IMPLIED from src\main\AndroidManifest.xml:1:1-31:12 reason: org.webkit.android_jsc has a targetSdkVersion < 4
MERGED from [cherishZhihu:react-native-jpush:unspecified] AndroidManifest.xml:20:5-75
android:uses-permission#android.permission.READ_EXTERNAL_STORAGE
IMPLIED from src\main\AndroidManifest.xml:1:1-31:12 reason: org.webkit.android_jsc requested WRITE_EXTERNAL_STORAGE
MERGED from [cherishZhihu:react-native-jpush:unspecified] AndroidManifest.xml:22:5-80
meta-data#com.google.android.gms.version
ADDED from [com.google.android.gms:play-services-basement:8.4.0] AndroidManifest.xml:21:9-23:69
MERGED from [com.google.android.gms:play-services-basement:8.4.0] AndroidManifest.xml:21:9-23:69
	android:value
		ADDED from [com.google.android.gms:play-services-basement:8.4.0] AndroidManifest.xml:23:13-66
	android:name
		ADDED from [com.google.android.gms:play-services-basement:8.4.0] AndroidManifest.xml:22:13-58
uses-permission#android.permission.ACCESS_NETWORK_STATE
ADDED from [com.google.android.gms:play-services-maps:8.4.0] AndroidManifest.xml:20:5-78
MERGED from [cherishZhihu:react-native-jpush:unspecified] AndroidManifest.xml:26:5-79
	android:name
		ADDED from [com.google.android.gms:play-services-maps:8.4.0] AndroidManifest.xml:20:22-76
uses-feature#0x00020000
ADDED from [com.google.android.gms:play-services-maps:8.4.0] AndroidManifest.xml:22:5-24:33
	android:glEsVersion
		ADDED from [com.google.android.gms:play-services-maps:8.4.0] AndroidManifest.xml:23:8-40
	android:required
		ADDED from [com.google.android.gms:play-services-maps:8.4.0] AndroidManifest.xml:24:8-31
permission#${applicationId}.permission.JPUSH_MESSAGE
ADDED from [cherishZhihu:react-native-jpush:unspecified] AndroidManifest.xml:11:5-13:47
	android:protectionLevel
		ADDED from [cherishZhihu:react-native-jpush:unspecified] AndroidManifest.xml:13:9-44
	android:name
		ADDED from [cherishZhihu:react-native-jpush:unspecified] AndroidManifest.xml:12:9-65
uses-permission#${applicationId}.permission.JPUSH_MESSAGE
ADDED from [cherishZhihu:react-native-jpush:unspecified] AndroidManifest.xml:16:5-81
	android:name
		ADDED from [cherishZhihu:react-native-jpush:unspecified] AndroidManifest.xml:16:22-78
uses-permission#android.permission.RECEIVE_USER_PRESENT
ADDED from [cherishZhihu:react-native-jpush:unspecified] AndroidManifest.xml:17:5-79
	android:name
		ADDED from [cherishZhihu:react-native-jpush:unspecified] AndroidManifest.xml:17:22-76
uses-permission#android.permission.WAKE_LOCK
ADDED from [cherishZhihu:react-native-jpush:unspecified] AndroidManifest.xml:19:5-68
	android:name
		ADDED from [cherishZhihu:react-native-jpush:unspecified] AndroidManifest.xml:19:22-65
uses-permission#android.permission.WRITE_SETTINGS
ADDED from [cherishZhihu:react-native-jpush:unspecified] AndroidManifest.xml:23:5-73
	android:name
		ADDED from [cherishZhihu:react-native-jpush:unspecified] AndroidManifest.xml:23:22-70
uses-permission#android.permission.VIBRATE
ADDED from [cherishZhihu:react-native-jpush:unspecified] AndroidManifest.xml:24:5-66
	android:name
		ADDED from [cherishZhihu:react-native-jpush:unspecified] AndroidManifest.xml:24:22-63
uses-permission#android.permission.MOUNT_UNMOUNT_FILESYSTEMS
ADDED from [cherishZhihu:react-native-jpush:unspecified] AndroidManifest.xml:25:5-84
	android:name
		ADDED from [cherishZhihu:react-native-jpush:unspecified] AndroidManifest.xml:25:22-81
uses-permission#android.permission.ACCESS_WIFI_STATE
ADDED from [cherishZhihu:react-native-jpush:unspecified] AndroidManifest.xml:27:5-76
	android:name
		ADDED from [cherishZhihu:react-native-jpush:unspecified] AndroidManifest.xml:27:22-73
uses-permission#android.permission.ACCESS_COARSE_LOCATION
ADDED from [cherishZhihu:react-native-jpush:unspecified] AndroidManifest.xml:30:5-81
	android:name
		ADDED from [cherishZhihu:react-native-jpush:unspecified] AndroidManifest.xml:30:22-78
uses-permission#android.permission.CHANGE_WIFI_STATE
ADDED from [cherishZhihu:react-native-jpush:unspecified] AndroidManifest.xml:31:5-76
	android:name
		ADDED from [cherishZhihu:react-native-jpush:unspecified] AndroidManifest.xml:31:22-73
uses-permission#android.permission.ACCESS_LOCATION_EXTRA_COMMANDS
ADDED from [cherishZhihu:react-native-jpush:unspecified] AndroidManifest.xml:33:5-89
	android:name
		ADDED from [cherishZhihu:react-native-jpush:unspecified] AndroidManifest.xml:33:22-86
uses-permission#android.permission.CHANGE_NETWORK_STATE
ADDED from [cherishZhihu:react-native-jpush:unspecified] AndroidManifest.xml:34:5-79
	android:name
		ADDED from [cherishZhihu:react-native-jpush:unspecified] AndroidManifest.xml:34:22-76
activity#cn.jpush.android.ui.PushActivity
ADDED from [cherishZhihu:react-native-jpush:unspecified] AndroidManifest.xml:39:9-50:20
	android:exported
		ADDED from [cherishZhihu:react-native-jpush:unspecified] AndroidManifest.xml:42:13-37
	android:configChanges
		ADDED from [cherishZhihu:react-native-jpush:unspecified] AndroidManifest.xml:41:13-63
	android:theme
		ADDED from [cherishZhihu:react-native-jpush:unspecified] AndroidManifest.xml:43:13-60
	android:name
		ADDED from [cherishZhihu:react-native-jpush:unspecified] AndroidManifest.xml:40:13-60
intent-filter#${applicationId}+android.intent.category.DEFAULT+cn.jpush.android.ui.PushActivity
ADDED from [cherishZhihu:react-native-jpush:unspecified] AndroidManifest.xml:44:13-49:29
action#cn.jpush.android.ui.PushActivity
ADDED from [cherishZhihu:react-native-jpush:unspecified] AndroidManifest.xml:45:17-75
	android:name
		ADDED from [cherishZhihu:react-native-jpush:unspecified] AndroidManifest.xml:45:25-72
category#android.intent.category.DEFAULT
ADDED from [cherishZhihu:react-native-jpush:unspecified] AndroidManifest.xml:47:17-76
	android:name
		ADDED from [cherishZhihu:react-native-jpush:unspecified] AndroidManifest.xml:47:27-73
category#${applicationId}
ADDED from [cherishZhihu:react-native-jpush:unspecified] AndroidManifest.xml:48:17-61
	android:name
		ADDED from [cherishZhihu:react-native-jpush:unspecified] AndroidManifest.xml:48:27-58
service#cn.jpush.android.service.DownloadService
ADDED from [cherishZhihu:react-native-jpush:unspecified] AndroidManifest.xml:53:9-57:19
	android:enabled
		ADDED from [cherishZhihu:react-native-jpush:unspecified] AndroidManifest.xml:55:13-35
	android:exported
		ADDED from [cherishZhihu:react-native-jpush:unspecified] AndroidManifest.xml:56:13-37
	android:name
		ADDED from [cherishZhihu:react-native-jpush:unspecified] AndroidManifest.xml:54:13-68
service#cn.jpush.android.service.PushService
ADDED from [cherishZhihu:react-native-jpush:unspecified] AndroidManifest.xml:62:9-72:19
	android:enabled
		ADDED from [cherishZhihu:react-native-jpush:unspecified] AndroidManifest.xml:64:13-35
	android:exported
		ADDED from [cherishZhihu:react-native-jpush:unspecified] AndroidManifest.xml:65:13-37
	android:name
		ADDED from [cherishZhihu:react-native-jpush:unspecified] AndroidManifest.xml:63:13-64
intent-filter#cn.jpush.android.intent.PUSH_TIME+cn.jpush.android.intent.PushService+cn.jpush.android.intent.REGISTER+cn.jpush.android.intent.REPORT
ADDED from [cherishZhihu:react-native-jpush:unspecified] AndroidManifest.xml:66:13-71:29
action#cn.jpush.android.intent.REGISTER
ADDED from [cherishZhihu:react-native-jpush:unspecified] AndroidManifest.xml:67:17-75
	android:name
		ADDED from [cherishZhihu:react-native-jpush:unspecified] AndroidManifest.xml:67:25-72
action#cn.jpush.android.intent.REPORT
ADDED from [cherishZhihu:react-native-jpush:unspecified] AndroidManifest.xml:68:17-73
	android:name
		ADDED from [cherishZhihu:react-native-jpush:unspecified] AndroidManifest.xml:68:25-70
action#cn.jpush.android.intent.PushService
ADDED from [cherishZhihu:react-native-jpush:unspecified] AndroidManifest.xml:69:17-78
	android:name
		ADDED from [cherishZhihu:react-native-jpush:unspecified] AndroidManifest.xml:69:25-75
action#cn.jpush.android.intent.PUSH_TIME
ADDED from [cherishZhihu:react-native-jpush:unspecified] AndroidManifest.xml:70:17-76
	android:name
		ADDED from [cherishZhihu:react-native-jpush:unspecified] AndroidManifest.xml:70:25-73
service#cn.jpush.android.service.DaemonService
ADDED from [cherishZhihu:react-native-jpush:unspecified] AndroidManifest.xml:75:9-84:19
	android:enabled
		ADDED from [cherishZhihu:react-native-jpush:unspecified] AndroidManifest.xml:77:13-35
	android:exported
		ADDED from [cherishZhihu:react-native-jpush:unspecified] AndroidManifest.xml:78:13-36
	android:name
		ADDED from [cherishZhihu:react-native-jpush:unspecified] AndroidManifest.xml:76:13-66
intent-filter#${applicationId}+cn.jpush.android.intent.DaemonService
ADDED from [cherishZhihu:react-native-jpush:unspecified] AndroidManifest.xml:79:13-83:29
action#cn.jpush.android.intent.DaemonService
ADDED from [cherishZhihu:react-native-jpush:unspecified] AndroidManifest.xml:80:17-80
	android:name
		ADDED from [cherishZhihu:react-native-jpush:unspecified] AndroidManifest.xml:80:25-77
receiver#cn.jpush.android.service.PushReceiver
ADDED from [cherishZhihu:react-native-jpush:unspecified] AndroidManifest.xml:87:9-107:20
	android:enabled
		ADDED from [cherishZhihu:react-native-jpush:unspecified] AndroidManifest.xml:89:13-35
	android:exported
		ADDED from [cherishZhihu:react-native-jpush:unspecified] AndroidManifest.xml:90:13-37
	android:name
		ADDED from [cherishZhihu:react-native-jpush:unspecified] AndroidManifest.xml:88:13-65
intent-filter#${applicationId}+cn.jpush.android.intent.NOTIFICATION_RECEIVED_PROXY
ADDED from [cherishZhihu:react-native-jpush:unspecified] AndroidManifest.xml:91:13-95:29
	android:priority
		ADDED from [cherishZhihu:react-native-jpush:unspecified] AndroidManifest.xml:91:28-51
action#cn.jpush.android.intent.NOTIFICATION_RECEIVED_PROXY
ADDED from [cherishZhihu:react-native-jpush:unspecified] AndroidManifest.xml:92:17-94
	android:name
		ADDED from [cherishZhihu:react-native-jpush:unspecified] AndroidManifest.xml:92:25-91
intent-filter#android.intent.action.USER_PRESENT+android.net.conn.CONNECTIVITY_CHANGE
ADDED from [cherishZhihu:react-native-jpush:unspecified] AndroidManifest.xml:96:13-99:29
action#android.intent.action.USER_PRESENT
ADDED from [cherishZhihu:react-native-jpush:unspecified] AndroidManifest.xml:97:17-77
	android:name
		ADDED from [cherishZhihu:react-native-jpush:unspecified] AndroidManifest.xml:97:25-74
action#android.net.conn.CONNECTIVITY_CHANGE
ADDED from [cherishZhihu:react-native-jpush:unspecified] AndroidManifest.xml:98:17-79
	android:name
		ADDED from [cherishZhihu:react-native-jpush:unspecified] AndroidManifest.xml:98:25-76
intent-filter#android.intent.action.PACKAGE_ADDED+android.intent.action.PACKAGE_REMOVED
ADDED from [cherishZhihu:react-native-jpush:unspecified] AndroidManifest.xml:101:13-106:29
action#android.intent.action.PACKAGE_ADDED
ADDED from [cherishZhihu:react-native-jpush:unspecified] AndroidManifest.xml:102:17-78
	android:name
		ADDED from [cherishZhihu:react-native-jpush:unspecified] AndroidManifest.xml:102:25-75
action#android.intent.action.PACKAGE_REMOVED
ADDED from [cherishZhihu:react-native-jpush:unspecified] AndroidManifest.xml:103:17-80
	android:name
		ADDED from [cherishZhihu:react-native-jpush:unspecified] AndroidManifest.xml:103:25-77
data
ADDED from [cherishZhihu:react-native-jpush:unspecified] AndroidManifest.xml:105:17-50
	android:scheme
		ADDED from [cherishZhihu:react-native-jpush:unspecified] AndroidManifest.xml:105:23-47
receiver#cn.jpush.android.service.AlarmReceiver
ADDED from [cherishZhihu:react-native-jpush:unspecified] AndroidManifest.xml:110:9-75
	android:name
		ADDED from [cherishZhihu:react-native-jpush:unspecified] AndroidManifest.xml:110:19-72
receiver#cn.reactnative.modules.jpush.JPushModule$JPushReceiver
ADDED from [cherishZhihu:react-native-jpush:unspecified] AndroidManifest.xml:113:9-131:20
	android:enabled
		ADDED from [cherishZhihu:react-native-jpush:unspecified] AndroidManifest.xml:115:13-35
	android:name
		ADDED from [cherishZhihu:react-native-jpush:unspecified] AndroidManifest.xml:114:13-82
intent-filter#${applicationId}+cn.jpush.android.intent.ACTION_RICHPUSH_CALLBACK+cn.jpush.android.intent.CONNECTION+cn.jpush.android.intent.MESSAGE_RECEIVED+cn.jpush.android.intent.NOTIFICATION_OPENED+cn.jpush.android.intent.NOTIFICATION_RECEIVED+cn.jpush.android.intent.REGISTRATION
ADDED from [cherishZhihu:react-native-jpush:unspecified] AndroidManifest.xml:116:13-130:29
action#cn.jpush.android.intent.REGISTRATION
ADDED from [cherishZhihu:react-native-jpush:unspecified] AndroidManifest.xml:117:17-79
	android:name
		ADDED from [cherishZhihu:react-native-jpush:unspecified] AndroidManifest.xml:117:25-76
action#cn.jpush.android.intent.MESSAGE_RECEIVED
ADDED from [cherishZhihu:react-native-jpush:unspecified] AndroidManifest.xml:119:17-83
	android:name
		ADDED from [cherishZhihu:react-native-jpush:unspecified] AndroidManifest.xml:119:25-80
action#cn.jpush.android.intent.NOTIFICATION_RECEIVED
ADDED from [cherishZhihu:react-native-jpush:unspecified] AndroidManifest.xml:121:17-88
	android:name
		ADDED from [cherishZhihu:react-native-jpush:unspecified] AndroidManifest.xml:121:25-85
action#cn.jpush.android.intent.NOTIFICATION_OPENED
ADDED from [cherishZhihu:react-native-jpush:unspecified] AndroidManifest.xml:123:17-86
	android:name
		ADDED from [cherishZhihu:react-native-jpush:unspecified] AndroidManifest.xml:123:25-83
action#cn.jpush.android.intent.ACTION_RICHPUSH_CALLBACK
ADDED from [cherishZhihu:react-native-jpush:unspecified] AndroidManifest.xml:125:17-91
	android:name
		ADDED from [cherishZhihu:react-native-jpush:unspecified] AndroidManifest.xml:125:25-88
action#cn.jpush.android.intent.CONNECTION